<?xml version="1.0" encoding="UTF-8"?>
<!-- Generated by org.testng.reporters.JUnitReportReporter -->
<testsuite hostname="DESKTOP-QP399I7" failures="0" tests="1" name="Tests.TestImportOrder" time="132.559" errors="0" timestamp="2019-11-28T12:12:11 IST" skipped="0">
  <testcase classname="Tests.TestImportOrder" name="testImportOrderTC135" time="132.559"/>
</testsuite> <!-- Tests.TestImportOrder -->
