<?xml version="1.0" encoding="UTF-8"?>
<!-- Generated by org.testng.reporters.JUnitReportReporter -->
<testsuite hostname="DESKTOP-QP399I7" failures="0" tests="8" name="Tests.TestLogin" time="30.888" errors="0" timestamp="2019-11-28T11:30:34 IST" skipped="0">
  <testcase classname="Tests.TestLogin" name="verifyFocusIsOnEmailFieldTC122" time="0.033"/>
  <testcase classname="Tests.TestLogin" name="testLoginWithoutDetailsTC123" time="0.739"/>
  <testcase classname="Tests.TestLogin" name="testLoginWithoutEmailTC124" time="0.991"/>
  <testcase classname="Tests.TestLogin" name="testLoginWithoutPasswordTC125" time="0.427"/>
  <testcase classname="Tests.TestLogin" name="testLoginWithInvalidEmailTC126" time="6.036"/>
  <testcase classname="Tests.TestLogin" name="testLoginWithInvalidPasswordTC127" time="5.494"/>
  <testcase classname="Tests.TestLogin" name="testLoginWithValidDetailsTC128" time="5.346"/>
  <testcase classname="Tests.TestLogin" name="testLogOutFunctinalityTC129" time="11.822"/>
</testsuite> <!-- Tests.TestLogin -->
