<?xml version="1.0" encoding="UTF-8"?>
<!-- Generated by org.testng.reporters.JUnitReportReporter -->
<testsuite hostname="DESKTOP-QP399I7" failures="0" tests="8" name="Tests.Contacts" time="182.922" errors="0" timestamp="2019-11-19T15:06:28 IST" skipped="0">
  <testcase classname="Tests.Contacts" name="add_Contact_Popup_Form_To_appear" time="30.086"/>
  <testcase classname="Tests.Contacts" name="validation_message_to_appear" time="3.444"/>
  <testcase classname="Tests.Contacts" name="add_data_in_all_fields_of_contact_form" time="33.849"/>
  <testcase classname="Tests.Contacts" name="add_new_contact_in_address_book" time="17.071"/>
  <testcase classname="Tests.Contacts" name="editContact" time="13.786"/>
  <testcase classname="Tests.Contacts" name="duplicateContacts" time="51.416"/>
  <testcase classname="Tests.Contacts" name="deleteContacts" time="8.808"/>
  <testcase classname="Tests.Contacts" name="fetch_contact_on_order_screen" time="24.462"/>
</testsuite> <!-- Tests.Contacts -->
