<?xml version="1.0" encoding="UTF-8"?>
<!-- Generated by org.testng.reporters.JUnitReportReporter -->
<testsuite hostname="DESKTOP-QP399I7" failures="0" tests="21" name="Tests.TestCreateShipcaddieAccount" time="41.745" errors="0" timestamp="2019-11-28T12:07:48 IST" skipped="0">
  <testcase classname="Tests.TestCreateShipcaddieAccount" name="verifyFocusIsOnFirstNameFieldTC101" time="1.474"/>
  <testcase classname="Tests.TestCreateShipcaddieAccount" name="testCreateNewAccountPageDisplayedTC102" time="3.545"/>
  <testcase classname="Tests.TestCreateShipcaddieAccount" name="testWithoutDetailsTC103" time="0.736"/>
  <testcase classname="Tests.TestCreateShipcaddieAccount" name="testWithoutFirstNameTC104" time="1.210"/>
  <testcase classname="Tests.TestCreateShipcaddieAccount" name="testWithoutLastNameTC105" time="0.361"/>
  <testcase classname="Tests.TestCreateShipcaddieAccount" name="testWithoutEmailTC106" time="0.314"/>
  <testcase classname="Tests.TestCreateShipcaddieAccount" name="testWithoutPasswordTC107" time="0.356"/>
  <testcase classname="Tests.TestCreateShipcaddieAccount" name="testWithoutConfirmPasswordTC108" time="0.343"/>
  <testcase classname="Tests.TestCreateShipcaddieAccount" name="testWithoutCheckTermsConditionsTC109" time="0.177"/>
  <testcase classname="Tests.TestCreateShipcaddieAccount" name="testWithoutCompanyTC110" time="0.294"/>
  <testcase classname="Tests.TestCreateShipcaddieAccount" name="testWithoutPhoneTC111" time="0.332"/>
  <testcase classname="Tests.TestCreateShipcaddieAccount" name="testWithInvalidFirstNameTC112" time="0.313"/>
  <testcase classname="Tests.TestCreateShipcaddieAccount" name="testWithInvalidLastNameTC113" time="0.406"/>
  <testcase classname="Tests.TestCreateShipcaddieAccount" name="testWithInvalidEmailTC114" time="0.405"/>
  <testcase classname="Tests.TestCreateShipcaddieAccount" name="testWithInvalidPhoneTC115" time="0.571"/>
  <testcase classname="Tests.TestCreateShipcaddieAccount" name="testWithInvalidPasswordTC116" time="0.248"/>
  <testcase classname="Tests.TestCreateShipcaddieAccount" name="testCreateAccountWithAlreadyExistEmailTC117" time="0.401"/>
  <testcase classname="Tests.TestCreateShipcaddieAccount" name="testLoginInInsteadLinkWorkingTC118" time="6.044"/>
  <testcase classname="Tests.TestCreateShipcaddieAccount" name="testInformationIconIsDisplayedTC119" time="1.702"/>
  <testcase classname="Tests.TestCreateShipcaddieAccount" name="testTermsOfServiceLinkWorkingTC120" time="6.268"/>
  <testcase classname="Tests.TestCreateShipcaddieAccount" name="testPrivacyLinkWorkingTC121" time="16.245"/>
</testsuite> <!-- Tests.TestCreateShipcaddieAccount -->
