<?xml version="1.0" encoding="UTF-8"?>
<!-- Generated by org.testng.reporters.JUnitReportReporter -->
<testsuite hostname="DESKTOP-QP399I7" failures="0" tests="5" name="Tests.TestAddOrder" time="138.208" errors="0" timestamp="2019-11-28T13:46:37 IST" skipped="0">
  <testcase classname="Tests.TestAddOrder" name="testAddOrderWithoutDetails" time="41.368"/>
  <testcase classname="Tests.TestAddOrder" name="testAddOrderWithPartialDetails" time="5.147"/>
  <testcase classname="Tests.TestAddOrder" name="testAddOrderWithValidDetails" time="21.510"/>
  <testcase classname="Tests.TestAddOrder" name="testOnClickingShipIconEditScreenDisplayed" time="50.109"/>
  <testcase classname="Tests.TestAddOrder" name="testConversionOfOrderIntoShipment" time="20.074"/>
</testsuite> <!-- Tests.TestAddOrder -->
