<?xml version="1.0" encoding="UTF-8"?>
<!-- Generated by org.testng.reporters.JUnitReportReporter -->
<testsuite hostname="DESKTOP-QP399I7" failures="0" tests="6" name="tests2.TestAddContacts2" time="168.633" errors="0" timestamp="2019-11-28T12:04:35 IST" skipped="0">
  <testcase classname="tests2.TestAddContacts2" name="testContactIsSavedFromAddOrderScreenTC63" time="48.104"/>
  <testcase classname="tests2.TestAddContacts2" name="testContactIsEditedFromAddOrderScreenTC64" time="33.933"/>
  <testcase classname="tests2.TestAddContacts2" name="testContactIsRemovedFromTheShipmentsScreenTC68" time="20.117"/>
  <testcase classname="tests2.TestAddContacts2" name="testContactIsFetchedFromAddShipmentsScreenTC65" time="31.645"/>
  <testcase classname="tests2.TestAddContacts2" name="testContactIsSavedFromAddShipmentsScreenTC66" time="24.726"/>
  <testcase classname="tests2.TestAddContacts2" name="testContactIsEditedFromAddShipmentsScreenTC67" time="10.108"/>
</testsuite> <!-- tests2.TestAddContacts2 -->
