<?xml version="1.0" encoding="UTF-8"?>
<!-- Generated by org.testng.reporters.JUnitReportReporter -->
<testsuite hostname="DESKTOP-QP399I7" failures="0" tests="2" name="Tests.TestAddShipmentProfile" time="51.902" errors="0" timestamp="2019-10-09T13:53:36 IST" skipped="0">
  <testcase classname="Tests.TestAddShipmentProfile" name="testAddShipmentProfielWithoutDetails" time="46.483"/>
  <testcase classname="Tests.TestAddShipmentProfile" name="testAddShipmentProfielWithoutShipmentProfileName" time="5.419"/>
</testsuite> <!-- Tests.TestAddShipmentProfile -->
