<?xml version="1.0" encoding="UTF-8"?>
<!-- Generated by org.testng.reporters.JUnitReportReporter -->
<testsuite hostname="DESKTOP-QP399I7" failures="0" tests="4" name="Tests.TestForgotPassword" time="1.959" errors="0" timestamp="2019-11-28T12:09:07 IST" skipped="0">
  <testcase classname="Tests.TestForgotPassword" name="verifyFocusIsOnEmailFieldTC130" time="0.034"/>
  <testcase classname="Tests.TestForgotPassword" name="testForgotPasswordLinkWorkingTC131" time="0.225"/>
  <testcase classname="Tests.TestForgotPassword" name="testForgotPasswordWithoutEmailTC132" time="0.706"/>
  <testcase classname="Tests.TestForgotPassword" name="testForgotPasswordWithInvalidEmailTC133" time="0.994"/>
</testsuite> <!-- Tests.TestForgotPassword -->
