<?xml version="1.0" encoding="UTF-8"?>
<!-- Generated by org.testng.reporters.JUnitReportReporter -->
<testsuite hostname="DESKTOP-QP399I7" failures="0" tests="7" name="Tests.TestAddContact" time="117.838" errors="0" timestamp="2019-11-28T12:47:31 IST" skipped="0">
  <testcase classname="Tests.TestAddContact" name="testAddContactWithoutDetailsTC153" time="39.174"/>
  <testcase classname="Tests.TestAddContact" name="testAddContactWithPhoneOnlyTC154" time="0.432"/>
  <testcase classname="Tests.TestAddContact" name="testAddContactWithAddressOnlyTC155" time="0.266"/>
  <testcase classname="Tests.TestAddContact" name="testAddContactWithZipOnlyTC156" time="2.609"/>
  <testcase classname="Tests.TestAddContact" name="testAddContactWithCityOnlyTC157" time="15.432"/>
  <testcase classname="Tests.TestAddContact" name="testAddContactWithStateOnlyTC158" time="20.516"/>
  <testcase classname="Tests.TestAddContact" name="testAddContactWithoutRecipientAndOrganizationTC159" time="39.409"/>
</testsuite> <!-- Tests.TestAddContact -->
