<?xml version="1.0" encoding="UTF-8"?>
<!-- Generated by org.testng.reporters.JUnitReportReporter -->
<testsuite hostname="DESKTOP-QP399I7" failures="0" tests="13" name="Tests.TestImportShipment" time="61.900" errors="0" timestamp="2019-11-28T12:18:32 IST" skipped="0">
  <testcase classname="Tests.TestImportShipment" name="testImportShipmentsLinkDisplayedTC136" time="11.839"/>
  <testcase classname="Tests.TestImportShipment" name="testImportShipmentsLinkWorkingTC137" time="0.559"/>
  <testcase classname="Tests.TestImportShipment" name="testChooseCSVFileLinkDisplayedTC138" time="0.933"/>
  <testcase classname="Tests.TestImportShipment" name="testCrossCloseIconFunctionalTC139" time="3.193"/>
  <testcase classname="Tests.TestImportShipment" name="testCancelIconFunctionalTC140" time="3.227"/>
  <testcase classname="Tests.TestImportShipment" name="testShipementNotImportedWithoutCSVTC141" time="5.981"/>
  <testcase classname="Tests.TestImportShipment" name="testChangeLinkIsDisplayedTC142" time="0.058"/>
  <testcase classname="Tests.TestImportShipment" name="testChangeLinkIsFunctionalTC143" time="0.193"/>
  <testcase classname="Tests.TestImportShipment" name="testDownloadOurCSVTemplateDisplayedTC144" time="0.052"/>
  <testcase classname="Tests.TestImportShipment" name="testImportShipmentButtonIsDisplayedTC145" time="0.048"/>
  <testcase classname="Tests.TestImportShipment" name="testEditIconDisplayedOnClickingChangeLinkTC146" time="0.184"/>
  <testcase classname="Tests.TestImportShipment" name="testDeleteIconDisplayedOnClickingChangeLinkTC147" time="0.096"/>
  <testcase classname="Tests.TestImportShipment" name="testImportShipmentWithValidCSVFileTC148" time="35.537"/>
</testsuite> <!-- Tests.TestImportShipment -->
