<?xml version="1.0" encoding="UTF-8"?>
<!-- Generated by org.testng.reporters.JUnitReportReporter -->
<testsuite hostname="DESKTOP-QP399I7" failures="0" tests="4" name="Tests.TestAddProducts" time="64.530" errors="0" timestamp="2019-11-28T12:28:43 IST" skipped="0">
  <testcase classname="Tests.TestAddProducts" name="testAddProductsWithoutDetailsTC149" time="36.025"/>
  <testcase classname="Tests.TestAddProducts" name="testAddProductsWithoutSKUTC150" time="7.421"/>
  <testcase classname="Tests.TestAddProducts" name="testAddProductsWithoutNameTC151" time="10.753"/>
  <testcase classname="Tests.TestAddProducts" name="testAddProductsWithValidDetailsTC152" time="10.331"/>
</testsuite> <!-- Tests.TestAddProducts -->
