<?xml version="1.0" encoding="UTF-8"?>
<!-- Generated by org.testng.reporters.JUnitReportReporter -->
<testsuite hostname="DESKTOP-QP399I7" failures="0" tests="9" name="Tests.TestAddShipment" time="201.567" errors="0" timestamp="2019-11-28T12:24:30 IST" skipped="0">
  <testcase classname="Tests.TestAddShipment" name="testAddShipmentButtonIsDisplayedTC14" time="59.560"/>
  <testcase classname="Tests.TestAddShipment" name="testAddShipmentIconFunctionalTC15" time="1.394"/>
  <testcase classname="Tests.TestAddShipment" name="testAddShipmentWithInvalidReferenceNoTC16" time="28.347"/>
  <testcase classname="Tests.TestAddShipment" name="testValidationOFPrintButtonWithoutDetailsTC20" time="12.228"/>
  <testcase classname="Tests.TestAddShipment" name="testAddShipmentWithoutDetails" time="10.153"/>
  <testcase classname="Tests.TestAddShipment" name="testRateCalWithOverWeight" time="13.424"/>
  <testcase classname="Tests.TestAddShipment" name="testAddShipmentWithoutState" time="31.060"/>
  <testcase classname="Tests.TestAddShipment" name="testAddShipmentWithoutCity" time="17.913"/>
  <testcase classname="Tests.TestAddShipment" name="testValidAddShipment" time="27.488"/>
</testsuite> <!-- Tests.TestAddShipment -->
